<?xml version="1.0" encoding="UTF-8"?>
<testng-results skipped="0" failed="0" total="1" passed="1">
  <reporter-output>
  </reporter-output>
  <suite name="Default suite" duration-ms="6206" started-at="2016-05-12T19:00:20Z" finished-at="2016-05-12T19:00:27Z">
    <groups>
    </groups>
    <test name="Default test" duration-ms="6206" started-at="2016-05-12T19:00:20Z" finished-at="2016-05-12T19:00:27Z">
      <class name="com.ecalix.tests.Test1">
        <test-method status="PASS" signature="setUp()[pri:0, instance:com.ecalix.tests.Test1@233c0b17]" name="setUp" is-config="true" duration-ms="4962" started-at="2016-05-12T12:00:20Z" finished-at="2016-05-12T12:00:25Z">
          <reporter-output>
          </reporter-output>
        </test-method> <!-- setUp -->
        <test-method status="PASS" signature="testLogin()[pri:0, instance:com.ecalix.tests.Test1@233c0b17]" name="testLogin" duration-ms="1220" started-at="2016-05-12T12:00:25Z" finished-at="2016-05-12T12:00:27Z">
          <reporter-output>
          </reporter-output>
        </test-method> <!-- testLogin -->
        <test-method status="PASS" signature="tearDown()[pri:0, instance:com.ecalix.tests.Test1@233c0b17]" name="tearDown" is-config="true" duration-ms="0" started-at="2016-05-12T12:00:27Z" finished-at="2016-05-12T12:00:27Z">
          <reporter-output>
          </reporter-output>
        </test-method> <!-- tearDown -->
      </class> <!-- com.ecalix.tests.Test1 -->
    </test> <!-- Default test -->
  </suite> <!-- Default suite -->
</testng-results>
