<?xml version="1.0" encoding="UTF-8"?>
<testng-results skipped="0" failed="0" total="1" passed="1">
  <reporter-output>
  </reporter-output>
  <suite name="Automation Test" duration-ms="7941" started-at="2016-05-16T21:53:37Z" finished-at="2016-05-16T21:53:45Z">
    <groups>
    </groups>
    <test name="Test" duration-ms="7941" started-at="2016-05-16T21:53:37Z" finished-at="2016-05-16T21:53:45Z">
      <class name="com.catalog.test.TestLogin">
        <test-method status="PASS" signature="setUp(java.lang.String)[pri:0, instance:com.catalog.test.TestLogin@7006c658]" name="setUp" is-config="true" duration-ms="5114" started-at="2016-05-16T14:53:37Z" finished-at="2016-05-16T14:53:43Z">
          <params>
            <param index="0">
              <value>
                <![CDATA[firefox]]>
              </value>
            </param>
          </params>
          <reporter-output>
          </reporter-output>
        </test-method> <!-- setUp -->
        <test-method status="PASS" signature="test1()[pri:0, instance:com.catalog.test.TestLogin@7006c658]" name="test1" duration-ms="2694" started-at="2016-05-16T14:53:43Z" finished-at="2016-05-16T14:53:45Z">
          <reporter-output>
          </reporter-output>
        </test-method> <!-- test1 -->
        <test-method status="PASS" signature="tearDown()[pri:0, instance:com.catalog.test.TestLogin@7006c658]" name="tearDown" is-config="true" duration-ms="113" started-at="2016-05-16T14:53:45Z" finished-at="2016-05-16T14:53:45Z">
          <reporter-output>
          </reporter-output>
        </test-method> <!-- tearDown -->
      </class> <!-- com.catalog.test.TestLogin -->
    </test> <!-- Test -->
  </suite> <!-- Automation Test -->
</testng-results>
